<?xml version="1.0" encoding="UTF-8"?>
<!-- Generated by org.testng.reporters.JUnitReportReporter -->
<testsuite hostname="DESKTOP-KA6BLCO" failures="0" tests="6" name="Test.ComponentsPageTest" time="30.331" errors="0" timestamp="2020-01-14T12:15:13 BDT" skipped="0">
  <testcase classname="Test.ComponentsPageTest" name="check_CrearComponentes_click" time="7.791"/>
  <testcase classname="Test.ComponentsPageTest" name="check_table_header_elements_visibility" time="0.580"/>
  <testcase classname="Test.ComponentsPageTest" name="delete_btn_action_check" time="13.557"/>
  <testcase classname="Test.ComponentsPageTest" name="check_editBtn_click" time="7.591"/>
  <testcase classname="Test.ComponentsPageTest" name="check_Logo_and_All_labels_visibility" time="0.765"/>
  <testcase classname="Test.ComponentsPageTest" name="check_breadCrun_ListaDeComponent" time="0.047"/>
</testsuite> <!-- Test.ComponentsPageTest -->
