<?xml version="1.0" encoding="UTF-8"?>
<!-- Generated by org.testng.reporters.JUnitReportReporter -->
<testsuite hostname="DESKTOP-KA6BLCO" failures="0" tests="1" name="Test.UsersPageTest" time="0.979" errors="0" timestamp="2020-01-16T12:51:36 BDT" skipped="0">
  <testcase classname="Test.UsersPageTest" name="Page_Elements_Visibility_Check" time="0.979"/>
</testsuite> <!-- Test.UsersPageTest -->
