<?xml version="1.0" encoding="UTF-8"?>
<!-- Generated by org.testng.reporters.JUnitReportReporter -->
<testsuite hostname="DESKTOP-KA6BLCO" failures="0" tests="1" name="Test.EditComponentPageTest" time="6.547" errors="0" timestamp="2020-01-13T11:16:10 BDT" skipped="0">
  <testcase classname="Test.EditComponentPageTest" name="check_editarPage" time="6.547"/>
</testsuite> <!-- Test.EditComponentPageTest -->
