<?xml version="1.0" encoding="UTF-8"?>
<!-- Generated by org.testng.reporters.JUnitReportReporter -->
<testsuite hostname="DESKTOP-KA6BLCO" failures="0" tests="2" name="Test.CreateComponentPageTest" time="8.606" errors="0" timestamp="2020-01-14T09:12:40 BDT" skipped="0">
  <testcase classname="Test.CreateComponentPageTest" name="check_CrearComponentePage" time="0.633"/>
  <testcase classname="Test.CreateComponentPageTest" name="Creating_components_check" time="7.973"/>
</testsuite> <!-- Test.CreateComponentPageTest -->
