<?xml version="1.0" encoding="UTF-8"?>
<!-- Generated by org.testng.reporters.JUnitReportReporter -->
<testsuite hostname="DESKTOP-KA6BLCO" failures="0" tests="1" name="Test.DashboardPageTest" time="0.723" errors="0" timestamp="2020-01-16T12:18:03 BDT" skipped="0">
  <testcase classname="Test.DashboardPageTest" name="NavigationBar_Elements_visibility_Check" time="0.723"/>
</testsuite> <!-- Test.DashboardPageTest -->
