<?xml version="1.0" encoding="UTF-8"?>
<!-- Generated by org.testng.reporters.JUnitReportReporter -->
<testsuite hostname="DESKTOP-KA6BLCO" failures="0" tests="4" name="Test.LoginPageTest" time="14.803" errors="0" timestamp="2020-01-14T13:36:44 BDT" skipped="0">
  <testcase classname="Test.LoginPageTest" name="login_test_valid_info" time="7.646"/>
  <testcase classname="Test.LoginPageTest" name="Check_Maxlength_for_Txtboxes" time="0.354"/>
  <testcase classname="Test.LoginPageTest" name="login_test_Invalid_info" time="6.243"/>
  <testcase classname="Test.LoginPageTest" name="check_elements_visibility" time="0.560"/>
</testsuite> <!-- Test.LoginPageTest -->
