<?xml version="1.0" encoding="UTF-8"?>
<!-- Generated by org.testng.reporters.JUnitReportReporter -->
<testsuite hostname="DESKTOP-KA6BLCO" failures="0" tests="1" name="Test.EditComponentPageTest" time="6.954" errors="0" timestamp="2020-01-16T12:22:36 BDT" skipped="0">
  <testcase classname="Test.EditComponentPageTest" name="check_editarPage" time="6.954"/>
</testsuite> <!-- Test.EditComponentPageTest -->
