<?xml version="1.0" encoding="UTF-8"?>
<!-- Generated by org.testng.reporters.JUnitReportReporter -->
<testsuite hostname="DESKTOP-KA6BLCO" name="Test.LoginPageTest" tests="4" failures="0" timestamp="16 Jan 2020 04:39:52 GMT" time="12.297" errors="0">
  <testcase name="Check_Maxlength_for_Txtboxes" time="0.333" classname="Test.LoginPageTest"/>
  <testcase name="login_test_Invalid_info" time="4.923" classname="Test.LoginPageTest"/>
  <testcase name="check_elements_visibility" time="0.388" classname="Test.LoginPageTest"/>
  <testcase name="login_test_valid_info" time="6.653" classname="Test.LoginPageTest"/>
</testsuite> <!-- Test.LoginPageTest -->
