<?xml version="1.0" encoding="UTF-8"?>
<!-- Generated by org.testng.reporters.JUnitReportReporter -->
<testsuite hostname="DESKTOP-KA6BLCO" name="Test.LoginPageTest" tests="4" failures="0" timestamp="15 Jan 2020 02:56:55 GMT" time="18.175" errors="0">
  <testcase name="check_elements_visibility" time="0.404" classname="Test.LoginPageTest"/>
  <testcase name="login_test_Invalid_info" time="7.418" classname="Test.LoginPageTest"/>
  <testcase name="login_test_valid_info" time="9.833" classname="Test.LoginPageTest"/>
  <testcase name="Check_Maxlength_for_Txtboxes" time="0.520" classname="Test.LoginPageTest"/>
</testsuite> <!-- Test.LoginPageTest -->
