<?xml version="1.0" encoding="UTF-8"?>
<!-- Generated by org.testng.reporters.JUnitReportReporter -->
<testsuite hostname="DESKTOP-KA6BLCO" name="Test.LoginPageTest" tests="4" failures="0" timestamp="14 Jan 2020 08:39:37 GMT" time="14.234" errors="0">
  <testcase name="check_elements_visibility" time="0.387" classname="Test.LoginPageTest"/>
  <testcase name="login_test_valid_info" time="8.035" classname="Test.LoginPageTest"/>
  <testcase name="login_test_Invalid_info" time="5.624" classname="Test.LoginPageTest"/>
  <testcase name="Check_Maxlength_for_Txtboxes" time="0.188" classname="Test.LoginPageTest"/>
</testsuite> <!-- Test.LoginPageTest -->
