<?xml version="1.0" encoding="UTF-8"?>
<!-- Generated by org.testng.reporters.JUnitReportReporter -->
<testsuite hostname="DESKTOP-KA6BLCO" name="Test.EditComponentPageTest" tests="1" failures="0" timestamp="14 Jan 2020 08:39:37 GMT" time="9.445" errors="0">
  <testcase name="check_editarPage" time="9.445" classname="Test.EditComponentPageTest"/>
</testsuite> <!-- Test.EditComponentPageTest -->
