<?xml version="1.0" encoding="UTF-8"?>
<!-- Generated by org.testng.reporters.JUnitReportReporter -->
<testsuite hostname="DESKTOP-KA6BLCO" name="Test.UsersPageTest" tests="1" failures="0" timestamp="16 Jan 2020 06:57:05 GMT" time="0.750" errors="0">
  <testcase name="Page_Elements_Visibility_Check" time="0.750" classname="Test.UsersPageTest"/>
</testsuite> <!-- Test.UsersPageTest -->
